<?xml version="1.0" encoding="UTF-8"?>
<coverage generated="1603089152204" clover="3.2.0">
  <project timestamp="1603089152205" name="All files">
    <metrics statements="118" coveredstatements="39" conditionals="22" coveredconditionals="2" methods="43" coveredmethods="6" elements="183" coveredelements="47" complexity="0" loc="118" ncloc="118" packages="5" files="22" classes="22"/>
    <package name="orange">
      <metrics statements="12" coveredstatements="8" conditionals="0" coveredconditionals="0" methods="2" coveredmethods="1"/>
      <file name="API.js" path="/Users/Sharma/Documents/NU/CS 397-Rapid Prototyping/orange/API.js">
        <metrics statements="1" coveredstatements="0" conditionals="0" coveredconditionals="0" methods="0" coveredmethods="0"/>
        <line num="13" count="0" type="stmt"/>
      </file>
      <file name="App.js" path="/Users/Sharma/Documents/NU/CS 397-Rapid Prototyping/orange/App.js">
        <metrics statements="3" coveredstatements="3" conditionals="0" coveredconditionals="0" methods="1" coveredmethods="1"/>
        <line num="12" count="2" type="stmt"/>
        <line num="23" count="2" type="stmt"/>
        <line num="26" count="1" type="stmt"/>
      </file>
      <file name="CategoryContext.js" path="/Users/Sharma/Documents/NU/CS 397-Rapid Prototyping/orange/CategoryContext.js">
        <metrics statements="1" coveredstatements="1" conditionals="0" coveredconditionals="0" methods="0" coveredmethods="0"/>
        <line num="3" count="2" type="stmt"/>
      </file>
      <file name="jest.config.js" path="/Users/Sharma/Documents/NU/CS 397-Rapid Prototyping/orange/jest.config.js">
        <metrics statements="1" coveredstatements="0" conditionals="0" coveredconditionals="0" methods="0" coveredmethods="0"/>
        <line num="1" count="0" type="stmt"/>
      </file>
      <file name="mockCourses.js" path="/Users/Sharma/Documents/NU/CS 397-Rapid Prototyping/orange/mockCourses.js">
        <metrics statements="1" coveredstatements="1" conditionals="0" coveredconditionals="0" methods="0" coveredmethods="0"/>
        <line num="1" count="2" type="stmt"/>
      </file>
      <file name="philipMockCategories.js" path="/Users/Sharma/Documents/NU/CS 397-Rapid Prototyping/orange/philipMockCategories.js">
        <metrics statements="2" coveredstatements="0" conditionals="0" coveredconditionals="0" methods="1" coveredmethods="0"/>
        <line num="2" count="0" type="stmt"/>
        <line num="3" count="0" type="stmt"/>
      </file>
      <file name="templates.js" path="/Users/Sharma/Documents/NU/CS 397-Rapid Prototyping/orange/templates.js">
        <metrics statements="3" coveredstatements="3" conditionals="0" coveredconditionals="0" methods="0" coveredmethods="0"/>
        <line num="1" count="2" type="stmt"/>
        <line num="56" count="2" type="stmt"/>
        <line num="117" count="2" type="stmt"/>
      </file>
    </package>
    <package name="orange.components">
      <metrics statements="18" coveredstatements="11" conditionals="4" coveredconditionals="2" methods="8" coveredmethods="3"/>
      <file name="Category.js" path="/Users/Sharma/Documents/NU/CS 397-Rapid Prototyping/orange/components/Category.js">
        <metrics statements="7" coveredstatements="2" conditionals="2" coveredconditionals="0" methods="3" coveredmethods="0"/>
        <line num="7" count="2" type="stmt"/>
        <line num="9" count="0" type="stmt"/>
        <line num="25" count="0" type="stmt"/>
        <line num="26" count="0" type="stmt"/>
        <line num="28" count="0" type="stmt"/>
        <line num="38" count="0" type="stmt"/>
        <line num="51" count="2" type="stmt"/>
      </file>
      <file name="Course.js" path="/Users/Sharma/Documents/NU/CS 397-Rapid Prototyping/orange/components/Course.js">
        <metrics statements="11" coveredstatements="9" conditionals="2" coveredconditionals="2" methods="5" coveredmethods="3"/>
        <line num="7" count="2" type="stmt"/>
        <line num="15" count="1" type="stmt"/>
        <line num="16" count="1" type="stmt"/>
        <line num="17" count="1" type="stmt"/>
        <line num="19" count="1" type="stmt"/>
        <line num="28" count="1" type="stmt"/>
        <line num="35" count="1" type="stmt"/>
        <line num="43" count="10" type="stmt"/>
        <line num="49" count="0" type="stmt"/>
        <line num="50" count="0" type="stmt"/>
        <line num="60" count="2" type="stmt"/>
      </file>
    </package>
    <package name="orange.components.expo-form-starter">
      <metrics statements="5" coveredstatements="5" conditionals="0" coveredconditionals="0" methods="1" coveredmethods="0"/>
      <file name="index.js" path="/Users/Sharma/Documents/NU/CS 397-Rapid Prototyping/orange/components/expo-form-starter/index.js">
        <metrics statements="5" coveredstatements="5" conditionals="0" coveredconditionals="0" methods="1" coveredmethods="0"/>
        <line num="8" count="2" type="stmt"/>
        <line num="10" count="2" type="stmt"/>
        <line num="11" count="2" type="stmt"/>
        <line num="12" count="2" type="stmt"/>
        <line num="13" count="2" type="stmt"/>
      </file>
    </package>
    <package name="orange.components.expo-form-starter.Forms">
      <metrics statements="23" coveredstatements="4" conditionals="13" coveredconditionals="0" methods="11" coveredmethods="0"/>
      <file name="Form.js" path="/Users/Sharma/Documents/NU/CS 397-Rapid Prototyping/orange/components/expo-form-starter/Forms/Form.js">
        <metrics statements="2" coveredstatements="0" conditionals="0" coveredconditionals="0" methods="2" coveredmethods="0"/>
        <line num="10" count="0" type="stmt"/>
        <line num="16" count="0" type="stmt"/>
      </file>
      <file name="FormButton.js" path="/Users/Sharma/Documents/NU/CS 397-Rapid Prototyping/orange/components/expo-form-starter/Forms/FormButton.js">
        <metrics statements="4" coveredstatements="1" conditionals="3" coveredconditionals="0" methods="1" coveredmethods="0"/>
        <line num="8" count="0" type="stmt"/>
        <line num="9" count="0" type="cond" truecount="0" falsecount="2"/>
        <line num="10" count="0" type="stmt"/>
        <line num="20" count="2" type="stmt"/>
      </file>
      <file name="FormErrorMessage.js" path="/Users/Sharma/Documents/NU/CS 397-Rapid Prototyping/orange/components/expo-form-starter/Forms/FormErrorMessage.js">
        <metrics statements="4" coveredstatements="1" conditionals="4" coveredconditionals="0" methods="1" coveredmethods="0"/>
        <line num="7" count="0" type="cond" truecount="0" falsecount="4"/>
        <line num="8" count="0" type="stmt"/>
        <line num="11" count="0" type="stmt"/>
        <line num="14" count="2" type="stmt"/>
      </file>
      <file name="FormField.js" path="/Users/Sharma/Documents/NU/CS 397-Rapid Prototyping/orange/components/expo-form-starter/Forms/FormField.js">
        <metrics statements="4" coveredstatements="0" conditionals="0" coveredconditionals="0" methods="3" coveredmethods="0"/>
        <line num="14" count="0" type="stmt"/>
        <line num="16" count="0" type="stmt"/>
        <line num="20" count="0" type="stmt"/>
        <line num="21" count="0" type="stmt"/>
      </file>
      <file name="FormSwitch.js" path="/Users/Sharma/Documents/NU/CS 397-Rapid Prototyping/orange/components/expo-form-starter/Forms/FormSwitch.js">
        <metrics statements="7" coveredstatements="1" conditionals="1" coveredconditionals="0" methods="3" coveredmethods="0"/>
        <line num="7" count="0" type="cond" truecount="0" falsecount="1"/>
        <line num="8" count="0" type="stmt"/>
        <line num="9" count="0" type="stmt"/>
        <line num="10" count="0" type="stmt"/>
        <line num="16" count="0" type="stmt"/>
        <line num="17" count="0" type="stmt"/>
        <line num="25" count="2" type="stmt"/>
      </file>
      <file name="FormTextInput.js" path="/Users/Sharma/Documents/NU/CS 397-Rapid Prototyping/orange/components/expo-form-starter/Forms/FormTextInput.js">
        <metrics statements="2" coveredstatements="1" conditionals="5" coveredconditionals="0" methods="1" coveredmethods="0"/>
        <line num="14" count="0" type="stmt"/>
        <line num="42" count="2" type="stmt"/>
      </file>
      <file name="colors.js" path="/Users/Sharma/Documents/NU/CS 397-Rapid Prototyping/orange/components/expo-form-starter/Forms/colors.js">
        <metrics statements="0" coveredstatements="0" conditionals="0" coveredconditionals="0" methods="0" coveredmethods="0"/>
      </file>
    </package>
    <package name="orange.screens">
      <metrics statements="60" coveredstatements="11" conditionals="5" coveredconditionals="0" methods="21" coveredmethods="2"/>
      <file name="AddCategoryScreen.js" path="/Users/Sharma/Documents/NU/CS 397-Rapid Prototyping/orange/screens/AddCategoryScreen.js">
        <metrics statements="7" coveredstatements="1" conditionals="0" coveredconditionals="0" methods="3" coveredmethods="0"/>
        <line num="5" count="2" type="stmt"/>
        <line num="6" count="0" type="stmt"/>
        <line num="7" count="0" type="stmt"/>
        <line num="8" count="0" type="stmt"/>
        <line num="9" count="0" type="stmt"/>
        <line num="12" count="0" type="stmt"/>
        <line num="20" count="0" type="stmt"/>
      </file>
      <file name="AddCourseScreen.js" path="/Users/Sharma/Documents/NU/CS 397-Rapid Prototyping/orange/screens/AddCourseScreen.js">
        <metrics statements="16" coveredstatements="1" conditionals="3" coveredconditionals="0" methods="7" coveredmethods="0"/>
        <line num="6" count="2" type="stmt"/>
        <line num="7" count="0" type="stmt"/>
        <line num="8" count="0" type="stmt"/>
        <line num="9" count="0" type="stmt"/>
        <line num="10" count="0" type="stmt"/>
        <line num="11" count="0" type="stmt"/>
        <line num="12" count="0" type="stmt"/>
        <line num="14" count="0" type="stmt"/>
        <line num="22" count="0" type="stmt"/>
        <line num="23" count="0" type="stmt"/>
        <line num="24" count="0" type="stmt"/>
        <line num="25" count="0" type="stmt"/>
        <line num="30" count="0" type="stmt"/>
        <line num="39" count="0" type="stmt"/>
        <line num="42" count="0" type="stmt"/>
        <line num="44" count="0" type="stmt"/>
      </file>
      <file name="HomeScreen.js" path="/Users/Sharma/Documents/NU/CS 397-Rapid Prototyping/orange/screens/HomeScreen.js">
        <metrics statements="29" coveredstatements="3" conditionals="2" coveredconditionals="0" methods="7" coveredmethods="0"/>
        <line num="9" count="2" type="stmt"/>
        <line num="15" count="2" type="stmt"/>
        <line num="16" count="0" type="stmt"/>
        <line num="18" count="0" type="stmt"/>
        <line num="19" count="0" type="stmt"/>
        <line num="20" count="0" type="stmt"/>
        <line num="21" count="0" type="stmt"/>
        <line num="22" count="0" type="stmt"/>
        <line num="25" count="0" type="stmt"/>
        <line num="26" count="0" type="cond" truecount="0" falsecount="2"/>
        <line num="27" count="0" type="stmt"/>
        <line num="28" count="0" type="stmt"/>
        <line num="29" count="0" type="stmt"/>
        <line num="30" count="0" type="stmt"/>
        <line num="34" count="0" type="stmt"/>
        <line num="35" count="0" type="stmt"/>
        <line num="36" count="0" type="stmt"/>
        <line num="38" count="0" type="stmt"/>
        <line num="39" count="0" type="stmt"/>
        <line num="41" count="0" type="stmt"/>
        <line num="43" count="0" type="stmt"/>
        <line num="44" count="0" type="stmt"/>
        <line num="45" count="0" type="stmt"/>
        <line num="46" count="0" type="stmt"/>
        <line num="47" count="0" type="stmt"/>
        <line num="50" count="0" type="stmt"/>
        <line num="56" count="0" type="stmt"/>
        <line num="63" count="0" type="stmt"/>
        <line num="77" count="2" type="stmt"/>
      </file>
      <file name="HomeStackScreen.js" path="/Users/Sharma/Documents/NU/CS 397-Rapid Prototyping/orange/screens/HomeStackScreen.js">
        <metrics statements="3" coveredstatements="2" conditionals="0" coveredconditionals="0" methods="1" coveredmethods="0"/>
        <line num="6" count="2" type="stmt"/>
        <line num="8" count="2" type="stmt"/>
        <line num="9" count="0" type="stmt"/>
      </file>
      <file name="TemplateScreen.js" path="/Users/Sharma/Documents/NU/CS 397-Rapid Prototyping/orange/screens/TemplateScreen.js">
        <metrics statements="5" coveredstatements="4" conditionals="0" coveredconditionals="0" methods="3" coveredmethods="2"/>
        <line num="7" count="2" type="stmt"/>
        <line num="8" count="1" type="stmt"/>
        <line num="11" count="2" type="stmt"/>
        <line num="14" count="0" type="stmt"/>
        <line num="27" count="2" type="stmt"/>
      </file>
    </package>
  </project>
</coverage>
