{"/Users/Sharma/Documents/NU/CS 397-Rapid Prototyping/orange/API.js": {"path":"/Users/Sharma/Documents/NU/CS 397-Rapid Prototyping/orange/API.js","statementMap":{"0":{"start":{"line":13,"column":24},"end":{"line":75,"column":1}}},"fnMap":{},"branchMap":{},"s":{"0":0},"f":{},"b":{}}
,"/Users/Sharma/Documents/NU/CS 397-Rapid Prototyping/orange/App.js": {"path":"/Users/Sharma/Documents/NU/CS 397-Rapid Prototyping/orange/App.js","statementMap":{"0":{"start":{"line":12,"column":14},"end":{"line":21,"column":1}},"1":{"start":{"line":23,"column":12},"end":{"line":23,"column":38}},"2":{"start":{"line":26,"column":2},"end":{"line":48,"column":4}}},"fnMap":{"0":{"name":"App","decl":{"start":{"line":25,"column":24},"end":{"line":25,"column":27}},"loc":{"start":{"line":25,"column":30},"end":{"line":49,"column":1}},"line":25}},"branchMap":{},"s":{"0":2,"1":2,"2":1},"f":{"0":1},"b":{},"_coverageSchema":"1a1c01bbd47fc00a2c39e90264f33305004495a9","hash":"1581721d64845f69cddea0de60c1de75925d58a9"}
,"/Users/Sharma/Documents/NU/CS 397-Rapid Prototyping/orange/CategoryContext.js": {"path":"/Users/Sharma/Documents/NU/CS 397-Rapid Prototyping/orange/CategoryContext.js","statementMap":{"0":{"start":{"line":3,"column":24},"end":{"line":3,"column":39}}},"fnMap":{},"branchMap":{},"s":{"0":2},"f":{},"b":{},"_coverageSchema":"1a1c01bbd47fc00a2c39e90264f33305004495a9","hash":"8c30ea8ba4f9078de8fea32e48ea648cd0c7f59d"}
,"/Users/Sharma/Documents/NU/CS 397-Rapid Prototyping/orange/jest.config.js": {"path":"/Users/Sharma/Documents/NU/CS 397-Rapid Prototyping/orange/jest.config.js","statementMap":{"0":{"start":{"line":1,"column":0},"end":{"line":14,"column":2}}},"fnMap":{},"branchMap":{},"s":{"0":0},"f":{},"b":{}}
,"/Users/Sharma/Documents/NU/CS 397-Rapid Prototyping/orange/mockCourses.js": {"path":"/Users/Sharma/Documents/NU/CS 397-Rapid Prototyping/orange/mockCourses.js","statementMap":{"0":{"start":{"line":1,"column":27},"end":{"line":362,"column":1}}},"fnMap":{},"branchMap":{},"s":{"0":2},"f":{},"b":{},"_coverageSchema":"1a1c01bbd47fc00a2c39e90264f33305004495a9","hash":"aa7c1a85b0a4f06c9483403c47d9c06a4d5039c9"}
,"/Users/Sharma/Documents/NU/CS 397-Rapid Prototyping/orange/philipMockCategories.js": {"path":"/Users/Sharma/Documents/NU/CS 397-Rapid Prototyping/orange/philipMockCategories.js","statementMap":{"0":{"start":{"line":2,"column":29},"end":{"line":86,"column":1}},"1":{"start":{"line":3,"column":4},"end":{"line":85,"column":6}}},"fnMap":{"0":{"name":"(anonymous_0)","decl":{"start":{"line":2,"column":29},"end":{"line":2,"column":30}},"loc":{"start":{"line":2,"column":35},"end":{"line":86,"column":1}},"line":2}},"branchMap":{},"s":{"0":0,"1":0},"f":{"0":0},"b":{}}
,"/Users/Sharma/Documents/NU/CS 397-Rapid Prototyping/orange/templates.js": {"path":"/Users/Sharma/Documents/NU/CS 397-Rapid Prototyping/orange/templates.js","statementMap":{"0":{"start":{"line":1,"column":27},"end":{"line":54,"column":38}},"1":{"start":{"line":56,"column":19},"end":{"line":115,"column":1}},"2":{"start":{"line":117,"column":18},"end":{"line":117,"column":50}}},"fnMap":{},"branchMap":{},"s":{"0":2,"1":2,"2":2},"f":{},"b":{},"_coverageSchema":"1a1c01bbd47fc00a2c39e90264f33305004495a9","hash":"37b9d40aa87f403b607d8602cf56fc73c6cd1f30"}
,"/Users/Sharma/Documents/NU/CS 397-Rapid Prototyping/orange/components/Category.js": {"path":"/Users/Sharma/Documents/NU/CS 397-Rapid Prototyping/orange/components/Category.js","statementMap":{"0":{"start":{"line":7,"column":17},"end":{"line":49,"column":1}},"1":{"start":{"line":9,"column":4},"end":{"line":23,"column":11}},"2":{"start":{"line":25,"column":34},"end":{"line":25,"column":54}},"3":{"start":{"line":26,"column":22},"end":{"line":26,"column":50}},"4":{"start":{"line":26,"column":28},"end":{"line":26,"column":50}},"5":{"start":{"line":28,"column":2},"end":{"line":48,"column":4}},"6":{"start":{"line":38,"column":10},"end":{"line":44,"column":12}},"7":{"start":{"line":51,"column":15},"end":{"line":70,"column":2}}},"fnMap":{"0":{"name":"(anonymous_0)","decl":{"start":{"line":7,"column":17},"end":{"line":7,"column":18}},"loc":{"start":{"line":7,"column":71},"end":{"line":49,"column":1}},"line":7},"1":{"name":"(anonymous_1)","decl":{"start":{"line":26,"column":22},"end":{"line":26,"column":23}},"loc":{"start":{"line":26,"column":28},"end":{"line":26,"column":50}},"line":26},"2":{"name":"(anonymous_2)","decl":{"start":{"line":37,"column":26},"end":{"line":37,"column":27}},"loc":{"start":{"line":38,"column":10},"end":{"line":44,"column":12}},"line":38}},"branchMap":{"0":{"loc":{"start":{"line":10,"column":7},"end":{"line":22,"column":7}},"type":"cond-expr","locations":[{"start":{"line":11,"column":8},"end":{"line":16,"column":11}},{"start":{"line":18,"column":8},"end":{"line":21,"column":11}}],"line":10}},"s":{"0":2,"1":0,"2":0,"3":0,"4":0,"5":0,"6":0,"7":2},"f":{"0":0,"1":0,"2":0},"b":{"0":[0,0]},"_coverageSchema":"1a1c01bbd47fc00a2c39e90264f33305004495a9","hash":"0dad65ab6879de4ffe5740000237b911352d7a80"}
,"/Users/Sharma/Documents/NU/CS 397-Rapid Prototyping/orange/components/Course.js": {"path":"/Users/Sharma/Documents/NU/CS 397-Rapid Prototyping/orange/components/Course.js","statementMap":{"0":{"start":{"line":7,"column":15},"end":{"line":58,"column":1}},"1":{"start":{"line":15,"column":21},"end":{"line":15,"column":48}},"2":{"start":{"line":16,"column":32},"end":{"line":16,"column":47}},"3":{"start":{"line":17,"column":21},"end":{"line":17,"column":47}},"4":{"start":{"line":17,"column":27},"end":{"line":17,"column":47}},"5":{"start":{"line":19,"column":4},"end":{"line":32,"column":11}},"6":{"start":{"line":28,"column":10},"end":{"line":28,"column":77}},"7":{"start":{"line":35,"column":2},"end":{"line":57,"column":4}},"8":{"start":{"line":43,"column":8},"end":{"line":54,"column":10}},"9":{"start":{"line":49,"column":16},"end":{"line":49,"column":49}},"10":{"start":{"line":50,"column":16},"end":{"line":50,"column":29}},"11":{"start":{"line":60,"column":15},"end":{"line":72,"column":2}}},"fnMap":{"0":{"name":"(anonymous_0)","decl":{"start":{"line":7,"column":15},"end":{"line":7,"column":16}},"loc":{"start":{"line":14,"column":6},"end":{"line":58,"column":1}},"line":14},"1":{"name":"(anonymous_1)","decl":{"start":{"line":17,"column":21},"end":{"line":17,"column":22}},"loc":{"start":{"line":17,"column":27},"end":{"line":17,"column":47}},"line":17},"2":{"name":"(anonymous_2)","decl":{"start":{"line":27,"column":14},"end":{"line":27,"column":15}},"loc":{"start":{"line":28,"column":10},"end":{"line":28,"column":77}},"line":28},"3":{"name":"(anonymous_3)","decl":{"start":{"line":42,"column":22},"end":{"line":42,"column":23}},"loc":{"start":{"line":42,"column":39},"end":{"line":55,"column":7}},"line":42},"4":{"name":"(anonymous_4)","decl":{"start":{"line":48,"column":23},"end":{"line":48,"column":24}},"loc":{"start":{"line":48,"column":29},"end":{"line":51,"column":15}},"line":48}},"branchMap":{"0":{"loc":{"start":{"line":44,"column":10},"end":{"line":53,"column":11}},"type":"binary-expr","locations":[{"start":{"line":44,"column":10},"end":{"line":44,"column":26}},{"start":{"line":45,"column":12},"end":{"line":52,"column":14}}],"line":44}},"s":{"0":2,"1":1,"2":1,"3":1,"4":0,"5":1,"6":1,"7":1,"8":10,"9":0,"10":0,"11":2},"f":{"0":1,"1":0,"2":1,"3":10,"4":0},"b":{"0":[10,9]},"_coverageSchema":"1a1c01bbd47fc00a2c39e90264f33305004495a9","hash":"5cdc2d5ffc79bcd6fc135f2dc680dafa87126eaf"}
,"/Users/Sharma/Documents/NU/CS 397-Rapid Prototyping/orange/components/expo-form-starter/index.js": {"path":"/Users/Sharma/Documents/NU/CS 397-Rapid Prototyping/orange/components/expo-form-starter/index.js","statementMap":{"0":{"start":{"line":8,"column":13},"end":{"line":8,"column":33}},"1":{"start":{"line":8,"column":22},"end":{"line":8,"column":33}},"2":{"start":{"line":10,"column":0},"end":{"line":10,"column":23}},"3":{"start":{"line":11,"column":0},"end":{"line":11,"column":25}},"4":{"start":{"line":12,"column":0},"end":{"line":12,"column":37}},"5":{"start":{"line":13,"column":0},"end":{"line":13,"column":25}}},"fnMap":{"0":{"name":"(anonymous_0)","decl":{"start":{"line":8,"column":13},"end":{"line":8,"column":14}},"loc":{"start":{"line":8,"column":22},"end":{"line":8,"column":33}},"line":8}},"branchMap":{},"s":{"0":2,"1":0,"2":2,"3":2,"4":2,"5":2},"f":{"0":0},"b":{},"_coverageSchema":"1a1c01bbd47fc00a2c39e90264f33305004495a9","hash":"c6c18a864fb4c19525762586666d4d982fd00a00"}
,"/Users/Sharma/Documents/NU/CS 397-Rapid Prototyping/orange/components/expo-form-starter/Forms/Form.js": {"path":"/Users/Sharma/Documents/NU/CS 397-Rapid Prototyping/orange/components/expo-form-starter/Forms/Form.js","statementMap":{"0":{"start":{"line":10,"column":2},"end":{"line":18,"column":4}},"1":{"start":{"line":16,"column":13},"end":{"line":16,"column":56}}},"fnMap":{"0":{"name":"Form","decl":{"start":{"line":4,"column":24},"end":{"line":4,"column":28}},"loc":{"start":{"line":9,"column":3},"end":{"line":19,"column":1}},"line":9},"1":{"name":"(anonymous_1)","decl":{"start":{"line":16,"column":7},"end":{"line":16,"column":8}},"loc":{"start":{"line":16,"column":13},"end":{"line":16,"column":56}},"line":16}},"branchMap":{},"s":{"0":0,"1":0},"f":{"0":0,"1":0},"b":{},"_coverageSchema":"1a1c01bbd47fc00a2c39e90264f33305004495a9","hash":"4ef5bd0356513df666835afed35f60a128a01e69"}
,"/Users/Sharma/Documents/NU/CS 397-Rapid Prototyping/orange/components/expo-form-starter/Forms/FormButton.js": {"path":"/Users/Sharma/Documents/NU/CS 397-Rapid Prototyping/orange/components/expo-form-starter/Forms/FormButton.js","statementMap":{"0":{"start":{"line":8,"column":35},"end":{"line":8,"column":53}},"1":{"start":{"line":9,"column":15},"end":{"line":9,"column":66}},"2":{"start":{"line":10,"column":2},"end":{"line":17,"column":4}},"3":{"start":{"line":20,"column":15},"end":{"line":35,"column":2}}},"fnMap":{"0":{"name":"FormButton","decl":{"start":{"line":7,"column":24},"end":{"line":7,"column":34}},"loc":{"start":{"line":7,"column":65},"end":{"line":18,"column":1}},"line":7}},"branchMap":{"0":{"loc":{"start":{"line":7,"column":44},"end":{"line":7,"column":61}},"type":"default-arg","locations":[{"start":{"line":7,"column":52},"end":{"line":7,"column":61}}],"line":7},"1":{"loc":{"start":{"line":9,"column":15},"end":{"line":9,"column":66}},"type":"cond-expr","locations":[{"start":{"line":9,"column":45},"end":{"line":9,"column":50}},{"start":{"line":9,"column":53},"end":{"line":9,"column":66}}],"line":9}},"s":{"0":0,"1":0,"2":0,"3":2},"f":{"0":0},"b":{"0":[0],"1":[0,0]},"_coverageSchema":"1a1c01bbd47fc00a2c39e90264f33305004495a9","hash":"32926fd7e95704660764252a2a32378299fac80b"}
,"/Users/Sharma/Documents/NU/CS 397-Rapid Prototyping/orange/components/expo-form-starter/Forms/FormErrorMessage.js": {"path":"/Users/Sharma/Documents/NU/CS 397-Rapid Prototyping/orange/components/expo-form-starter/Forms/FormErrorMessage.js","statementMap":{"0":{"start":{"line":7,"column":2},"end":{"line":9,"column":3}},"1":{"start":{"line":8,"column":4},"end":{"line":8,"column":16}},"2":{"start":{"line":11,"column":2},"end":{"line":11,"column":55}},"3":{"start":{"line":14,"column":15},"end":{"line":22,"column":2}}},"fnMap":{"0":{"name":"FormErrorMessage","decl":{"start":{"line":6,"column":24},"end":{"line":6,"column":40}},"loc":{"start":{"line":6,"column":61},"end":{"line":12,"column":1}},"line":6}},"branchMap":{"0":{"loc":{"start":{"line":7,"column":2},"end":{"line":9,"column":3}},"type":"if","locations":[{"start":{"line":7,"column":2},"end":{"line":9,"column":3}},{"start":{"line":7,"column":2},"end":{"line":9,"column":3}}],"line":7},"1":{"loc":{"start":{"line":7,"column":6},"end":{"line":7,"column":24}},"type":"binary-expr","locations":[{"start":{"line":7,"column":6},"end":{"line":7,"column":12}},{"start":{"line":7,"column":16},"end":{"line":7,"column":24}}],"line":7}},"s":{"0":0,"1":0,"2":0,"3":2},"f":{"0":0},"b":{"0":[0,0],"1":[0,0]},"_coverageSchema":"1a1c01bbd47fc00a2c39e90264f33305004495a9","hash":"0a96728f13b1879cc18de3474fe7cb69bb87652a"}
,"/Users/Sharma/Documents/NU/CS 397-Rapid Prototyping/orange/components/expo-form-starter/Forms/FormField.js": {"path":"/Users/Sharma/Documents/NU/CS 397-Rapid Prototyping/orange/components/expo-form-starter/Forms/FormField.js","statementMap":{"0":{"start":{"line":14,"column":6},"end":{"line":14,"column":24}},"1":{"start":{"line":16,"column":2},"end":{"line":27,"column":4}},"2":{"start":{"line":20,"column":30},"end":{"line":20,"column":55}},"3":{"start":{"line":21,"column":22},"end":{"line":21,"column":43}}},"fnMap":{"0":{"name":"FormField","decl":{"start":{"line":7,"column":24},"end":{"line":7,"column":33}},"loc":{"start":{"line":7,"column":66},"end":{"line":28,"column":1}},"line":7},"1":{"name":"(anonymous_1)","decl":{"start":{"line":20,"column":22},"end":{"line":20,"column":23}},"loc":{"start":{"line":20,"column":30},"end":{"line":20,"column":55}},"line":20},"2":{"name":"(anonymous_2)","decl":{"start":{"line":21,"column":16},"end":{"line":21,"column":17}},"loc":{"start":{"line":21,"column":22},"end":{"line":21,"column":43}},"line":21}},"branchMap":{},"s":{"0":0,"1":0,"2":0,"3":0},"f":{"0":0,"1":0,"2":0},"b":{},"_coverageSchema":"1a1c01bbd47fc00a2c39e90264f33305004495a9","hash":"3c0cc6f051409d4699799053a3bc77e5794f3132"}
,"/Users/Sharma/Documents/NU/CS 397-Rapid Prototyping/orange/components/expo-form-starter/Forms/FormSwitch.js": {"path":"/Users/Sharma/Documents/NU/CS 397-Rapid Prototyping/orange/components/expo-form-starter/Forms/FormSwitch.js","statementMap":{"0":{"start":{"line":7,"column":65},"end":{"line":7,"column":66}},"1":{"start":{"line":8,"column":36},"end":{"line":8,"column":54}},"2":{"start":{"line":9,"column":16},"end":{"line":9,"column":28}},"3":{"start":{"line":10,"column":2},"end":{"line":22,"column":4}},"4":{"start":{"line":16,"column":10},"end":{"line":16,"column":26}},"5":{"start":{"line":17,"column":10},"end":{"line":17,"column":37}},"6":{"start":{"line":25,"column":15},"end":{"line":38,"column":2}}},"fnMap":{"0":{"name":"FormSwitch","decl":{"start":{"line":7,"column":24},"end":{"line":7,"column":34}},"loc":{"start":{"line":7,"column":84},"end":{"line":23,"column":1}},"line":7},"1":{"name":"(anonymous_1)","decl":{"start":{"line":7,"column":60},"end":{"line":7,"column":61}},"loc":{"start":{"line":7,"column":65},"end":{"line":7,"column":66}},"line":7},"2":{"name":"(anonymous_2)","decl":{"start":{"line":15,"column":23},"end":{"line":15,"column":24}},"loc":{"start":{"line":15,"column":34},"end":{"line":18,"column":9}},"line":15}},"branchMap":{"0":{"loc":{"start":{"line":7,"column":49},"end":{"line":7,"column":66}},"type":"default-arg","locations":[{"start":{"line":7,"column":60},"end":{"line":7,"column":66}}],"line":7}},"s":{"0":0,"1":0,"2":0,"3":0,"4":0,"5":0,"6":2},"f":{"0":0,"1":0,"2":0},"b":{"0":[0]},"_coverageSchema":"1a1c01bbd47fc00a2c39e90264f33305004495a9","hash":"ca6f57b59a87ce95b60b111bdfdaf867c3b1310b"}
,"/Users/Sharma/Documents/NU/CS 397-Rapid Prototyping/orange/components/expo-form-starter/Forms/FormTextInput.js": {"path":"/Users/Sharma/Documents/NU/CS 397-Rapid Prototyping/orange/components/expo-form-starter/Forms/FormTextInput.js","statementMap":{"0":{"start":{"line":14,"column":2},"end":{"line":39,"column":4}},"1":{"start":{"line":42,"column":15},"end":{"line":63,"column":2}}},"fnMap":{"0":{"name":"FormTextInput","decl":{"start":{"line":7,"column":24},"end":{"line":7,"column":37}},"loc":{"start":{"line":13,"column":3},"end":{"line":40,"column":1}},"line":13}},"branchMap":{"0":{"loc":{"start":{"line":9,"column":2},"end":{"line":9,"column":16}},"type":"default-arg","locations":[{"start":{"line":9,"column":10},"end":{"line":9,"column":16}}],"line":9},"1":{"loc":{"start":{"line":16,"column":7},"end":{"line":23,"column":7}},"type":"binary-expr","locations":[{"start":{"line":16,"column":7},"end":{"line":16,"column":15}},{"start":{"line":17,"column":8},"end":{"line":22,"column":10}}],"line":16},"2":{"loc":{"start":{"line":28,"column":7},"end":{"line":37,"column":7}},"type":"binary-expr","locations":[{"start":{"line":28,"column":7},"end":{"line":28,"column":16}},{"start":{"line":29,"column":8},"end":{"line":36,"column":27}}],"line":28}},"s":{"0":0,"1":2},"f":{"0":0},"b":{"0":[0],"1":[0,0],"2":[0,0]},"_coverageSchema":"1a1c01bbd47fc00a2c39e90264f33305004495a9","hash":"b540b13c7dd72aa8342639201c4fc04591de6894"}
,"/Users/Sharma/Documents/NU/CS 397-Rapid Prototyping/orange/components/expo-form-starter/Forms/colors.js": {"path":"/Users/Sharma/Documents/NU/CS 397-Rapid Prototyping/orange/components/expo-form-starter/Forms/colors.js","statementMap":{},"fnMap":{},"branchMap":{},"s":{},"f":{},"b":{},"_coverageSchema":"1a1c01bbd47fc00a2c39e90264f33305004495a9","hash":"2f2172bc3ce526ed8b94dd1166e85245962612b5"}
,"/Users/Sharma/Documents/NU/CS 397-Rapid Prototyping/orange/screens/AddCategoryScreen.js": {"path":"/Users/Sharma/Documents/NU/CS 397-Rapid Prototyping/orange/screens/AddCategoryScreen.js","statementMap":{"0":{"start":{"line":5,"column":26},"end":{"line":39,"column":1}},"1":{"start":{"line":6,"column":28},"end":{"line":6,"column":40}},"2":{"start":{"line":7,"column":25},"end":{"line":10,"column":5}},"3":{"start":{"line":8,"column":25},"end":{"line":8,"column":54}},"4":{"start":{"line":9,"column":8},"end":{"line":9,"column":29}},"5":{"start":{"line":12,"column":4},"end":{"line":38,"column":5}},"6":{"start":{"line":20,"column":42},"end":{"line":20,"column":62}}},"fnMap":{"0":{"name":"(anonymous_0)","decl":{"start":{"line":5,"column":26},"end":{"line":5,"column":27}},"loc":{"start":{"line":5,"column":39},"end":{"line":39,"column":1}},"line":5},"1":{"name":"(anonymous_1)","decl":{"start":{"line":7,"column":25},"end":{"line":7,"column":26}},"loc":{"start":{"line":7,"column":37},"end":{"line":10,"column":5}},"line":7},"2":{"name":"(anonymous_2)","decl":{"start":{"line":20,"column":30},"end":{"line":20,"column":31}},"loc":{"start":{"line":20,"column":42},"end":{"line":20,"column":62}},"line":20}},"branchMap":{},"s":{"0":2,"1":0,"2":0,"3":0,"4":0,"5":0,"6":0},"f":{"0":0,"1":0,"2":0},"b":{},"_coverageSchema":"1a1c01bbd47fc00a2c39e90264f33305004495a9","hash":"fe08c63f164b41180b0e4b7622c4e6c5bcd13ef2"}
,"/Users/Sharma/Documents/NU/CS 397-Rapid Prototyping/orange/screens/AddCourseScreen.js": {"path":"/Users/Sharma/Documents/NU/CS 397-Rapid Prototyping/orange/screens/AddCourseScreen.js","statementMap":{"0":{"start":{"line":6,"column":24},"end":{"line":51,"column":1}},"1":{"start":{"line":7,"column":40},"end":{"line":7,"column":52}},"2":{"start":{"line":8,"column":32},"end":{"line":8,"column":44}},"3":{"start":{"line":9,"column":22},"end":{"line":21,"column":3}},"4":{"start":{"line":10,"column":24},"end":{"line":10,"column":41}},"5":{"start":{"line":11,"column":4},"end":{"line":11,"column":24}},"6":{"start":{"line":12,"column":4},"end":{"line":20,"column":6}},"7":{"start":{"line":14,"column":8},"end":{"line":18,"column":10}},"8":{"start":{"line":22,"column":20},"end":{"line":29,"column":3}},"9":{"start":{"line":23,"column":4},"end":{"line":23,"column":19}},"10":{"start":{"line":24,"column":4},"end":{"line":24,"column":23}},"11":{"start":{"line":25,"column":4},"end":{"line":28,"column":7}},"12":{"start":{"line":30,"column":2},"end":{"line":50,"column":4}},"13":{"start":{"line":39,"column":10},"end":{"line":46,"column":23}},"14":{"start":{"line":42,"column":27},"end":{"line":42,"column":65}},"15":{"start":{"line":44,"column":14},"end":{"line":44,"column":32}}},"fnMap":{"0":{"name":"(anonymous_0)","decl":{"start":{"line":6,"column":24},"end":{"line":6,"column":25}},"loc":{"start":{"line":6,"column":44},"end":{"line":51,"column":1}},"line":6},"1":{"name":"(anonymous_1)","decl":{"start":{"line":9,"column":22},"end":{"line":9,"column":23}},"loc":{"start":{"line":9,"column":29},"end":{"line":21,"column":3}},"line":9},"2":{"name":"(anonymous_2)","decl":{"start":{"line":13,"column":25},"end":{"line":13,"column":26}},"loc":{"start":{"line":13,"column":35},"end":{"line":19,"column":7}},"line":13},"3":{"name":"(anonymous_3)","decl":{"start":{"line":22,"column":20},"end":{"line":22,"column":21}},"loc":{"start":{"line":22,"column":30},"end":{"line":29,"column":3}},"line":22},"4":{"name":"(anonymous_4)","decl":{"start":{"line":38,"column":21},"end":{"line":38,"column":22}},"loc":{"start":{"line":39,"column":10},"end":{"line":46,"column":23}},"line":39},"5":{"name":"(anonymous_5)","decl":{"start":{"line":42,"column":18},"end":{"line":42,"column":19}},"loc":{"start":{"line":42,"column":27},"end":{"line":42,"column":65}},"line":42},"6":{"name":"(anonymous_6)","decl":{"start":{"line":43,"column":21},"end":{"line":43,"column":22}},"loc":{"start":{"line":43,"column":27},"end":{"line":45,"column":13}},"line":43}},"branchMap":{"0":{"loc":{"start":{"line":15,"column":10},"end":{"line":17,"column":64}},"type":"binary-expr","locations":[{"start":{"line":15,"column":10},"end":{"line":15,"column":43}},{"start":{"line":16,"column":10},"end":{"line":16,"column":69}},{"start":{"line":17,"column":10},"end":{"line":17,"column":64}}],"line":15}},"s":{"0":2,"1":0,"2":0,"3":0,"4":0,"5":0,"6":0,"7":0,"8":0,"9":0,"10":0,"11":0,"12":0,"13":0,"14":0,"15":0},"f":{"0":0,"1":0,"2":0,"3":0,"4":0,"5":0,"6":0},"b":{"0":[0,0,0]},"_coverageSchema":"1a1c01bbd47fc00a2c39e90264f33305004495a9","hash":"47cd691dd516346b4d4367b3e279b23bee1a0b7c"}
,"/Users/Sharma/Documents/NU/CS 397-Rapid Prototyping/orange/screens/HomeScreen.js": {"path":"/Users/Sharma/Documents/NU/CS 397-Rapid Prototyping/orange/screens/HomeScreen.js","statementMap":{"0":{"start":{"line":9,"column":20},"end":{"line":13,"column":1}},"1":{"start":{"line":15,"column":19},"end":{"line":75,"column":1}},"2":{"start":{"line":16,"column":34},"end":{"line":16,"column":46}},"3":{"start":{"line":18,"column":38},"end":{"line":18,"column":50}},"4":{"start":{"line":19,"column":2},"end":{"line":23,"column":17}},"5":{"start":{"line":20,"column":30},"end":{"line":20,"column":58}},"6":{"start":{"line":21,"column":4},"end":{"line":21,"column":43}},"7":{"start":{"line":22,"column":4},"end":{"line":22,"column":37}},"8":{"start":{"line":25,"column":2},"end":{"line":32,"column":18}},"9":{"start":{"line":26,"column":4},"end":{"line":31,"column":5}},"10":{"start":{"line":27,"column":31},"end":{"line":27,"column":50}},"11":{"start":{"line":28,"column":6},"end":{"line":28,"column":30}},"12":{"start":{"line":29,"column":6},"end":{"line":29,"column":55}},"13":{"start":{"line":30,"column":6},"end":{"line":30,"column":38}},"14":{"start":{"line":34,"column":21},"end":{"line":42,"column":3}},"15":{"start":{"line":35,"column":26},"end":{"line":35,"column":45}},"16":{"start":{"line":36,"column":19},"end":{"line":36,"column":75}},"17":{"start":{"line":38,"column":4},"end":{"line":38,"column":71}},"18":{"start":{"line":39,"column":4},"end":{"line":39,"column":60}},"19":{"start":{"line":41,"column":4},"end":{"line":41,"column":33}},"20":{"start":{"line":43,"column":22},"end":{"line":48,"column":3}},"21":{"start":{"line":44,"column":26},"end":{"line":44,"column":45}},"22":{"start":{"line":45,"column":4},"end":{"line":45,"column":36}},"23":{"start":{"line":46,"column":4},"end":{"line":46,"column":33}},"24":{"start":{"line":47,"column":4},"end":{"line":47,"column":38}},"25":{"start":{"line":50,"column":2},"end":{"line":74,"column":4}},"26":{"start":{"line":56,"column":14},"end":{"line":56,"column":71}},"27":{"start":{"line":63,"column":14},"end":{"line":68,"column":16}},"28":{"start":{"line":77,"column":15},"end":{"line":81,"column":2}}},"fnMap":{"0":{"name":"(anonymous_0)","decl":{"start":{"line":15,"column":19},"end":{"line":15,"column":20}},"loc":{"start":{"line":15,"column":46},"end":{"line":75,"column":1}},"line":15},"1":{"name":"(anonymous_1)","decl":{"start":{"line":19,"column":12},"end":{"line":19,"column":13}},"loc":{"start":{"line":19,"column":18},"end":{"line":23,"column":3}},"line":19},"2":{"name":"(anonymous_2)","decl":{"start":{"line":25,"column":12},"end":{"line":25,"column":13}},"loc":{"start":{"line":25,"column":18},"end":{"line":32,"column":3}},"line":25},"3":{"name":"(anonymous_3)","decl":{"start":{"line":34,"column":21},"end":{"line":34,"column":22}},"loc":{"start":{"line":34,"column":71},"end":{"line":42,"column":3}},"line":34},"4":{"name":"(anonymous_4)","decl":{"start":{"line":43,"column":22},"end":{"line":43,"column":23}},"loc":{"start":{"line":43,"column":39},"end":{"line":48,"column":3}},"line":43},"5":{"name":"(anonymous_5)","decl":{"start":{"line":55,"column":21},"end":{"line":55,"column":22}},"loc":{"start":{"line":56,"column":14},"end":{"line":56,"column":71}},"line":56},"6":{"name":"(anonymous_6)","decl":{"start":{"line":62,"column":28},"end":{"line":62,"column":29}},"loc":{"start":{"line":63,"column":14},"end":{"line":68,"column":16}},"line":63}},"branchMap":{"0":{"loc":{"start":{"line":26,"column":4},"end":{"line":31,"column":5}},"type":"if","locations":[{"start":{"line":26,"column":4},"end":{"line":31,"column":5}},{"start":{"line":26,"column":4},"end":{"line":31,"column":5}}],"line":26}},"s":{"0":2,"1":2,"2":0,"3":0,"4":0,"5":0,"6":0,"7":0,"8":0,"9":0,"10":0,"11":0,"12":0,"13":0,"14":0,"15":0,"16":0,"17":0,"18":0,"19":0,"20":0,"21":0,"22":0,"23":0,"24":0,"25":0,"26":0,"27":0,"28":2},"f":{"0":0,"1":0,"2":0,"3":0,"4":0,"5":0,"6":0},"b":{"0":[0,0]},"_coverageSchema":"1a1c01bbd47fc00a2c39e90264f33305004495a9","hash":"b173ffc28b6c87f9066cbe693e66ad80d8bfbb8b"}
,"/Users/Sharma/Documents/NU/CS 397-Rapid Prototyping/orange/screens/HomeStackScreen.js": {"path":"/Users/Sharma/Documents/NU/CS 397-Rapid Prototyping/orange/screens/HomeStackScreen.js","statementMap":{"0":{"start":{"line":6,"column":14},"end":{"line":6,"column":36}},"1":{"start":{"line":8,"column":24},"end":{"line":15,"column":1}},"2":{"start":{"line":9,"column":2},"end":{"line":14,"column":4}}},"fnMap":{"0":{"name":"(anonymous_0)","decl":{"start":{"line":8,"column":24},"end":{"line":8,"column":25}},"loc":{"start":{"line":8,"column":30},"end":{"line":15,"column":1}},"line":8}},"branchMap":{},"s":{"0":2,"1":2,"2":0},"f":{"0":0},"b":{},"_coverageSchema":"1a1c01bbd47fc00a2c39e90264f33305004495a9","hash":"a7f7cfe54611db1521332ac651f7796c509e7868"}
,"/Users/Sharma/Documents/NU/CS 397-Rapid Prototyping/orange/screens/TemplateScreen.js": {"path":"/Users/Sharma/Documents/NU/CS 397-Rapid Prototyping/orange/screens/TemplateScreen.js","statementMap":{"0":{"start":{"line":7,"column":23},"end":{"line":25,"column":1}},"1":{"start":{"line":8,"column":2},"end":{"line":24,"column":4}},"2":{"start":{"line":11,"column":8},"end":{"line":21,"column":17}},"3":{"start":{"line":14,"column":12},"end":{"line":17,"column":14}},"4":{"start":{"line":27,"column":15},"end":{"line":31,"column":2}}},"fnMap":{"0":{"name":"(anonymous_0)","decl":{"start":{"line":7,"column":23},"end":{"line":7,"column":24}},"loc":{"start":{"line":7,"column":43},"end":{"line":25,"column":1}},"line":7},"1":{"name":"(anonymous_1)","decl":{"start":{"line":10,"column":21},"end":{"line":10,"column":22}},"loc":{"start":{"line":11,"column":8},"end":{"line":21,"column":17}},"line":11},"2":{"name":"(anonymous_2)","decl":{"start":{"line":13,"column":19},"end":{"line":13,"column":20}},"loc":{"start":{"line":14,"column":12},"end":{"line":17,"column":14}},"line":14}},"branchMap":{},"s":{"0":2,"1":1,"2":2,"3":0,"4":2},"f":{"0":1,"1":2,"2":0},"b":{},"_coverageSchema":"1a1c01bbd47fc00a2c39e90264f33305004495a9","hash":"0040d1dfaddf2734e4e01e554d4ffcf19327a317"}
}
